<?xml version="1.0" encoding="UTF-8"?>
<testsuite xmlns:xsi="http://www.w3.org/2001/XMLSchema-instance" xsi:noNamespaceSchemaLocation="https://maven.apache.org/surefire/maven-surefire-plugin/xsd/surefire-test-report.xsd" name="org.keycloak.protocol.oidc.mappers.OIDCAttributeMapperHelperTest" time="0.002" tests="1" errors="0" skipped="0" failures="0">
  <properties>
    <property name="sun.desktop" value="windows"/>
    <property name="awt.toolkit" value="sun.awt.windows.WToolkit"/>
    <property name="file.encoding.pkg" value="sun.io"/>
    <property name="java.specification.version" value="1.8"/>
    <property name="sun.cpu.isalist" value="amd64"/>
    <property name="sun.jnu.encoding" value="Cp1252"/>
    <property name="java.class.path" value="D:\keycloak-6.0.1\services\target\test-classes;D:\keycloak-6.0.1\services\target\classes;C:\Users\Sham\.m2\repository\org\bouncycastle\bcprov-jdk15on\1.60\bcprov-jdk15on-1.60.jar;C:\Users\Sham\.m2\repository\org\bouncycastle\bcpkix-jdk15on\1.60\bcpkix-jdk15on-1.60.jar;C:\Users\Sham\.m2\repository\org\keycloak\keycloak-core\6.0.1\keycloak-core-6.0.1.jar;C:\Users\Sham\.m2\repository\org\keycloak\keycloak-common\6.0.1\keycloak-common-6.0.1.jar;C:\Users\Sham\.m2\repository\org\freemarker\freemarker\2.3.26-incubating\freemarker-2.3.26-incubating.jar;C:\Users\Sham\.m2\repository\javax\mail\javax.mail-api\1.6.2\javax.mail-api-1.6.2.jar;C:\Users\Sham\.m2\repository\org\glassfish\javax.json\1.1.2\javax.json-1.1.2.jar;C:\Users\Sham\.m2\repository\javax\json\javax.json-api\1.1.2\javax.json-api-1.1.2.jar;C:\Users\Sham\.m2\repository\org\keycloak\keycloak-server-spi\6.0.1\keycloak-server-spi-6.0.1.jar;C:\Users\Sham\.m2\repository\org\keycloak\keycloak-server-spi-private\6.0.1\keycloak-server-spi-private-6.0.1.jar;C:\Users\Sham\.m2\repository\org\keycloak\keycloak-ldap-federation\6.0.1\keycloak-ldap-federation-6.0.1.jar;C:\Users\Sham\.m2\repository\org\jboss\spec\javax\servlet\jboss-servlet-api_4.0_spec\1.0.0.Final\jboss-servlet-api_4.0_spec-1.0.0.Final.jar;C:\Users\Sham\.m2\repository\org\twitter4j\twitter4j-core\4.0.4\twitter4j-core-4.0.4.jar;C:\Users\Sham\.m2\repository\org\wildfly\core\wildfly-controller\8.0.0.Final\wildfly-controller-8.0.0.Final.jar;C:\Users\Sham\.m2\repository\org\jboss\jboss-dmr\1.5.0.Final\jboss-dmr-1.5.0.Final.jar;C:\Users\Sham\.m2\repository\org\wildfly\core\wildfly-controller-client\8.0.0.Final\wildfly-controller-client-8.0.0.Final.jar;C:\Users\Sham\.m2\repository\org\wildfly\core\wildfly-protocol\8.0.0.Final\wildfly-protocol-8.0.0.Final.jar;C:\Users\Sham\.m2\repository\org\jboss\remoting\jboss-remoting\5.0.8.Final\jboss-remoting-5.0.8.Final.jar;C:\Users\Sham\.m2\repository\org\wildfly\client\wildfly-client-config\1.0.0.CR2\wildfly-client-config-1.0.0.CR2.jar;C:\Users\Sham\.m2\repository\org\jboss\xnio\xnio-api\3.6.5.Final\xnio-api-3.6.5.Final.jar;C:\Users\Sham\.m2\repository\org\jboss\xnio\xnio-nio\3.6.5.Final\xnio-nio-3.6.5.Final.jar;C:\Users\Sham\.m2\repository\org\jboss\threads\jboss-threads\2.3.3.Final\jboss-threads-2.3.3.Final.jar;C:\Users\Sham\.m2\repository\org\wildfly\security\wildfly-elytron\1.8.0.Final\wildfly-elytron-1.8.0.Final.jar;C:\Users\Sham\.m2\repository\org\wildfly\core\wildfly-core-security\8.0.0.Final\wildfly-core-security-8.0.0.Final.jar;C:\Users\Sham\.m2\repository\org\wildfly\core\wildfly-core-security-api\8.0.0.Final\wildfly-core-security-api-8.0.0.Final.jar;C:\Users\Sham\.m2\repository\org\wildfly\core\wildfly-version\8.0.0.Final\wildfly-version-8.0.0.Final.jar;C:\Users\Sham\.m2\repository\org\jboss\modules\jboss-modules\1.9.0.Final\jboss-modules-1.9.0.Final.jar;C:\Users\Sham\.m2\repository\org\jboss\msc\jboss-msc\1.4.5.Final\jboss-msc-1.4.5.Final.jar;C:\Users\Sham\.m2\repository\org\jboss\logmanager\jboss-logmanager\2.1.7.Final\jboss-logmanager-2.1.7.Final.jar;C:\Users\Sham\.m2\repository\org\jboss\staxmapper\1.3.0.Final\staxmapper-1.3.0.Final.jar;C:\Users\Sham\.m2\repository\org\wildfly\common\wildfly-common\1.4.0.Final\wildfly-common-1.4.0.Final.jar;C:\Users\Sham\.m2\repository\org\projectodd\vdx\vdx-wildfly\1.1.6\vdx-wildfly-1.1.6.jar;C:\Users\Sham\.m2\repository\org\projectodd\vdx\vdx-core\1.1.6\vdx-core-1.1.6.jar;C:\Users\Sham\.m2\repository\org\eclipse\jgit\org.eclipse.jgit\5.0.2.201807311906-r\org.eclipse.jgit-5.0.2.201807311906-r.jar;C:\Users\Sham\.m2\repository\com\jcraft\jsch\0.1.54\jsch-0.1.54.jar;C:\Users\Sham\.m2\repository\com\jcraft\jzlib\1.1.1\jzlib-1.1.1.jar;C:\Users\Sham\.m2\repository\com\googlecode\javaewah\JavaEWAH\1.1.6\JavaEWAH-1.1.6.jar;C:\Users\Sham\.m2\repository\org\jboss\logging\jboss-logging\3.3.2.Final\jboss-logging-3.3.2.Final.jar;C:\Users\Sham\.m2\repository\org\jboss\logging\jboss-logging-annotations\2.1.0.Final\jboss-logging-annotations-2.1.0.Final.jar;C:\Users\Sham\.m2\repository\org\jboss\logging\jboss-logging-processor\2.1.0.Final\jboss-logging-processor-2.1.0.Final.jar;C:\Users\Sham\.m2\repository\org\jboss\jdeparser\jdeparser\2.0.2.Final\jdeparser-2.0.2.Final.jar;C:\Users\Sham\.m2\repository\org\jboss\resteasy\resteasy-jaxrs\3.6.3.Final\resteasy-jaxrs-3.6.3.Final.jar;C:\Users\Sham\.m2\repository\org\jboss\spec\javax\xml\bind\jboss-jaxb-api_2.3_spec\1.0.1.Final\jboss-jaxb-api_2.3_spec-1.0.1.Final.jar;C:\Users\Sham\.m2\repository\org\reactivestreams\reactive-streams\1.0.2\reactive-streams-1.0.2.jar;C:\Users\Sham\.m2\repository\javax\validation\validation-api\2.0.1.Final\validation-api-2.0.1.Final.jar;C:\Users\Sham\.m2\repository\org\jboss\spec\javax\annotation\jboss-annotations-api_1.3_spec\1.0.1.Final\jboss-annotations-api_1.3_spec-1.0.1.Final.jar;C:\Users\Sham\.m2\repository\javax\activation\activation\1.1.1\activation-1.1.1.jar;C:\Users\Sham\.m2\repository\commons-io\commons-io\2.5\commons-io-2.5.jar;C:\Users\Sham\.m2\repository\net\jcip\jcip-annotations\1.0\jcip-annotations-1.0.jar;C:\Users\Sham\.m2\repository\org\jboss\spec\javax\ws\rs\jboss-jaxrs-api_2.1_spec\1.0.2.Final\jboss-jaxrs-api_2.1_spec-1.0.2.Final.jar;C:\Users\Sham\.m2\repository\org\jboss\spec\javax\transaction\jboss-transaction-api_1.2_spec\1.1.1.Final\jboss-transaction-api_1.2_spec-1.1.1.Final.jar;C:\Users\Sham\.m2\repository\org\jboss\resteasy\resteasy-multipart-provider\3.6.3.Final\resteasy-multipart-provider-3.6.3.Final.jar;C:\Users\Sham\.m2\repository\org\jboss\resteasy\resteasy-client\3.6.3.Final\resteasy-client-3.6.3.Final.jar;C:\Users\Sham\.m2\repository\org\jboss\resteasy\resteasy-jaxb-provider\3.6.3.Final\resteasy-jaxb-provider-3.6.3.Final.jar;C:\Users\Sham\.m2\repository\org\glassfish\jaxb\jaxb-runtime\2.3.1\jaxb-runtime-2.3.1.jar;C:\Users\Sham\.m2\repository\org\glassfish\jaxb\txw2\2.3.1\txw2-2.3.1.jar;C:\Users\Sham\.m2\repository\com\sun\istack\istack-commons-runtime\3.0.7\istack-commons-runtime-3.0.7.jar;C:\Users\Sham\.m2\repository\org\jvnet\staxex\stax-ex\1.8\stax-ex-1.8.jar;C:\Users\Sham\.m2\repository\com\sun\xml\fastinfoset\FastInfoset\1.2.15\FastInfoset-1.2.15.jar;C:\Users\Sham\.m2\repository\javax\activation\javax.activation-api\1.2.0\javax.activation-api-1.2.0.jar;C:\Users\Sham\.m2\repository\com\sun\mail\javax.mail\1.6.2\javax.mail-1.6.2.jar;C:\Users\Sham\.m2\repository\org\apache\james\apache-mime4j\0.6\apache-mime4j-0.6.jar;C:\Users\Sham\.m2\repository\com\googlecode\owasp-java-html-sanitizer\owasp-java-html-sanitizer\20180219.1\owasp-java-html-sanitizer-20180219.1.jar;C:\Users\Sham\.m2\repository\com\google\guava\guava\25.0-jre\guava-25.0-jre.jar;C:\Users\Sham\.m2\repository\com\google\code\findbugs\jsr305\1.3.9\jsr305-1.3.9.jar;C:\Users\Sham\.m2\repository\org\checkerframework\checker-compat-qual\2.0.0\checker-compat-qual-2.0.0.jar;C:\Users\Sham\.m2\repository\com\google\errorprone\error_prone_annotations\2.1.3\error_prone_annotations-2.1.3.jar;C:\Users\Sham\.m2\repository\com\google\j2objc\j2objc-annotations\1.1\j2objc-annotations-1.1.jar;C:\Users\Sham\.m2\repository\org\codehaus\mojo\animal-sniffer-annotations\1.14\animal-sniffer-annotations-1.14.jar;C:\Users\Sham\.m2\repository\com\fasterxml\jackson\core\jackson-core\2.9.8\jackson-core-2.9.8.jar;C:\Users\Sham\.m2\repository\com\fasterxml\jackson\core\jackson-databind\2.9.8\jackson-databind-2.9.8.jar;C:\Users\Sham\.m2\repository\com\fasterxml\jackson\core\jackson-annotations\2.9.8\jackson-annotations-2.9.8.jar;C:\Users\Sham\.m2\repository\com\fasterxml\woodstox\woodstox-core\5.0.3\woodstox-core-5.0.3.jar;C:\Users\Sham\.m2\repository\org\codehaus\woodstox\stax2-api\3.1.4\stax2-api-3.1.4.jar;C:\Users\Sham\.m2\repository\com\google\zxing\javase\3.2.1\javase-3.2.1.jar;C:\Users\Sham\.m2\repository\com\google\zxing\core\3.2.1\core-3.2.1.jar;C:\Users\Sham\.m2\repository\com\beust\jcommander\1.48\jcommander-1.48.jar;C:\Users\Sham\.m2\repository\org\keycloak\keycloak-saml-core-public\6.0.1\keycloak-saml-core-public-6.0.1.jar;C:\Users\Sham\.m2\repository\org\apache\santuario\xmlsec\2.1.2\xmlsec-2.1.2.jar;C:\Users\Sham\.m2\repository\org\keycloak\keycloak-saml-core\6.0.1\keycloak-saml-core-6.0.1.jar;C:\Users\Sham\.m2\repository\junit\junit\4.12\junit-4.12.jar;C:\Users\Sham\.m2\repository\org\hamcrest\hamcrest-core\1.3\hamcrest-core-1.3.jar;C:\Users\Sham\.m2\repository\org\hamcrest\hamcrest-all\1.3\hamcrest-all-1.3.jar;C:\Users\Sham\.m2\repository\com\icegreen\greenmail\1.3.1b\greenmail-1.3.1b.jar;C:\Users\Sham\.m2\repository\javax\mail\mail\1.4\mail-1.4.jar;C:\Users\Sham\.m2\repository\com\openshift\openshift-restclient-java\6.1.3.Final\openshift-restclient-java-6.1.3.Final.jar;C:\Users\Sham\.m2\repository\com\squareup\okhttp3\okhttp\3.3.1\okhttp-3.3.1.jar;C:\Users\Sham\.m2\repository\com\squareup\okio\okio\1.8.0\okio-1.8.0.jar;C:\Users\Sham\.m2\repository\com\squareup\okhttp3\okhttp-ws\3.3.1\okhttp-ws-3.3.1.jar;C:\Users\Sham\.m2\repository\org\yaml\snakeyaml\1.14\snakeyaml-1.14.jar;C:\Users\Sham\.m2\repository\org\apache\commons\commons-compress\1.8.1\commons-compress-1.8.1.jar;C:\Users\Sham\.m2\repository\org\slf4j\slf4j-api\1.7.22\slf4j-api-1.7.22.jar;C:\Users\Sham\.m2\repository\org\slf4j\slf4j-log4j12\1.7.22\slf4j-log4j12-1.7.22.jar;C:\Users\Sham\.m2\repository\log4j\log4j\1.2.17\log4j-1.2.17.jar;C:\Users\Sham\.m2\repository\commons-codec\commons-codec\1.6\commons-codec-1.6.jar;C:\Users\Sham\.m2\repository\commons-lang\commons-lang\2.6\commons-lang-2.6.jar;C:\Users\Sham\.m2\repository\org\apache\httpcomponents\httpclient\4.5\httpclient-4.5.jar;C:\Users\Sham\.m2\repository\commons-logging\commons-logging\1.2\commons-logging-1.2.jar;C:\Users\Sham\.m2\repository\org\apache\httpcomponents\httpcore\4.4.4\httpcore-4.4.4.jar;C:\Users\Sham\.m2\repository\org\json\json\20180813\json-20180813.jar;"/>
    <property name="java.vm.vendor" value="Oracle Corporation"/>
    <property name="sun.arch.data.model" value="64"/>
    <property name="user.variant" value=""/>
    <property name="java.vendor.url" value="http://java.oracle.com/"/>
    <property name="user.timezone" value="Asia/Calcutta"/>
    <property name="java.vm.specification.version" value="1.8"/>
    <property name="os.name" value="Windows 10"/>
    <property name="user.country" value="IN"/>
    <property name="sun.java.launcher" value="SUN_STANDARD"/>
    <property name="sun.boot.library.path" value="C:\Program Files\java\jdk1.8.0_211\jre\bin"/>
    <property name="sun.java.command" value="C:\Users\Sham\AppData\Local\Temp\surefire729079389454449617\surefirebooter1985560040392028399.jar C:\Users\Sham\AppData\Local\Temp\surefire729079389454449617 2019-06-18T17-28-54_381-jvmRun1 surefire2029429461769949746tmp surefire_08431141521920038559tmp"/>
    <property name="surefire.test.class.path" value="D:\keycloak-6.0.1\services\target\test-classes;D:\keycloak-6.0.1\services\target\classes;C:\Users\Sham\.m2\repository\org\bouncycastle\bcprov-jdk15on\1.60\bcprov-jdk15on-1.60.jar;C:\Users\Sham\.m2\repository\org\bouncycastle\bcpkix-jdk15on\1.60\bcpkix-jdk15on-1.60.jar;C:\Users\Sham\.m2\repository\org\keycloak\keycloak-core\6.0.1\keycloak-core-6.0.1.jar;C:\Users\Sham\.m2\repository\org\keycloak\keycloak-common\6.0.1\keycloak-common-6.0.1.jar;C:\Users\Sham\.m2\repository\org\freemarker\freemarker\2.3.26-incubating\freemarker-2.3.26-incubating.jar;C:\Users\Sham\.m2\repository\javax\mail\javax.mail-api\1.6.2\javax.mail-api-1.6.2.jar;C:\Users\Sham\.m2\repository\org\glassfish\javax.json\1.1.2\javax.json-1.1.2.jar;C:\Users\Sham\.m2\repository\javax\json\javax.json-api\1.1.2\javax.json-api-1.1.2.jar;C:\Users\Sham\.m2\repository\org\keycloak\keycloak-server-spi\6.0.1\keycloak-server-spi-6.0.1.jar;C:\Users\Sham\.m2\repository\org\keycloak\keycloak-server-spi-private\6.0.1\keycloak-server-spi-private-6.0.1.jar;C:\Users\Sham\.m2\repository\org\keycloak\keycloak-ldap-federation\6.0.1\keycloak-ldap-federation-6.0.1.jar;C:\Users\Sham\.m2\repository\org\jboss\spec\javax\servlet\jboss-servlet-api_4.0_spec\1.0.0.Final\jboss-servlet-api_4.0_spec-1.0.0.Final.jar;C:\Users\Sham\.m2\repository\org\twitter4j\twitter4j-core\4.0.4\twitter4j-core-4.0.4.jar;C:\Users\Sham\.m2\repository\org\wildfly\core\wildfly-controller\8.0.0.Final\wildfly-controller-8.0.0.Final.jar;C:\Users\Sham\.m2\repository\org\jboss\jboss-dmr\1.5.0.Final\jboss-dmr-1.5.0.Final.jar;C:\Users\Sham\.m2\repository\org\wildfly\core\wildfly-controller-client\8.0.0.Final\wildfly-controller-client-8.0.0.Final.jar;C:\Users\Sham\.m2\repository\org\wildfly\core\wildfly-protocol\8.0.0.Final\wildfly-protocol-8.0.0.Final.jar;C:\Users\Sham\.m2\repository\org\jboss\remoting\jboss-remoting\5.0.8.Final\jboss-remoting-5.0.8.Final.jar;C:\Users\Sham\.m2\repository\org\wildfly\client\wildfly-client-config\1.0.0.CR2\wildfly-client-config-1.0.0.CR2.jar;C:\Users\Sham\.m2\repository\org\jboss\xnio\xnio-api\3.6.5.Final\xnio-api-3.6.5.Final.jar;C:\Users\Sham\.m2\repository\org\jboss\xnio\xnio-nio\3.6.5.Final\xnio-nio-3.6.5.Final.jar;C:\Users\Sham\.m2\repository\org\jboss\threads\jboss-threads\2.3.3.Final\jboss-threads-2.3.3.Final.jar;C:\Users\Sham\.m2\repository\org\wildfly\security\wildfly-elytron\1.8.0.Final\wildfly-elytron-1.8.0.Final.jar;C:\Users\Sham\.m2\repository\org\wildfly\core\wildfly-core-security\8.0.0.Final\wildfly-core-security-8.0.0.Final.jar;C:\Users\Sham\.m2\repository\org\wildfly\core\wildfly-core-security-api\8.0.0.Final\wildfly-core-security-api-8.0.0.Final.jar;C:\Users\Sham\.m2\repository\org\wildfly\core\wildfly-version\8.0.0.Final\wildfly-version-8.0.0.Final.jar;C:\Users\Sham\.m2\repository\org\jboss\modules\jboss-modules\1.9.0.Final\jboss-modules-1.9.0.Final.jar;C:\Users\Sham\.m2\repository\org\jboss\msc\jboss-msc\1.4.5.Final\jboss-msc-1.4.5.Final.jar;C:\Users\Sham\.m2\repository\org\jboss\logmanager\jboss-logmanager\2.1.7.Final\jboss-logmanager-2.1.7.Final.jar;C:\Users\Sham\.m2\repository\org\jboss\staxmapper\1.3.0.Final\staxmapper-1.3.0.Final.jar;C:\Users\Sham\.m2\repository\org\wildfly\common\wildfly-common\1.4.0.Final\wildfly-common-1.4.0.Final.jar;C:\Users\Sham\.m2\repository\org\projectodd\vdx\vdx-wildfly\1.1.6\vdx-wildfly-1.1.6.jar;C:\Users\Sham\.m2\repository\org\projectodd\vdx\vdx-core\1.1.6\vdx-core-1.1.6.jar;C:\Users\Sham\.m2\repository\org\eclipse\jgit\org.eclipse.jgit\5.0.2.201807311906-r\org.eclipse.jgit-5.0.2.201807311906-r.jar;C:\Users\Sham\.m2\repository\com\jcraft\jsch\0.1.54\jsch-0.1.54.jar;C:\Users\Sham\.m2\repository\com\jcraft\jzlib\1.1.1\jzlib-1.1.1.jar;C:\Users\Sham\.m2\repository\com\googlecode\javaewah\JavaEWAH\1.1.6\JavaEWAH-1.1.6.jar;C:\Users\Sham\.m2\repository\org\jboss\logging\jboss-logging\3.3.2.Final\jboss-logging-3.3.2.Final.jar;C:\Users\Sham\.m2\repository\org\jboss\logging\jboss-logging-annotations\2.1.0.Final\jboss-logging-annotations-2.1.0.Final.jar;C:\Users\Sham\.m2\repository\org\jboss\logging\jboss-logging-processor\2.1.0.Final\jboss-logging-processor-2.1.0.Final.jar;C:\Users\Sham\.m2\repository\org\jboss\jdeparser\jdeparser\2.0.2.Final\jdeparser-2.0.2.Final.jar;C:\Users\Sham\.m2\repository\org\jboss\resteasy\resteasy-jaxrs\3.6.3.Final\resteasy-jaxrs-3.6.3.Final.jar;C:\Users\Sham\.m2\repository\org\jboss\spec\javax\xml\bind\jboss-jaxb-api_2.3_spec\1.0.1.Final\jboss-jaxb-api_2.3_spec-1.0.1.Final.jar;C:\Users\Sham\.m2\repository\org\reactivestreams\reactive-streams\1.0.2\reactive-streams-1.0.2.jar;C:\Users\Sham\.m2\repository\javax\validation\validation-api\2.0.1.Final\validation-api-2.0.1.Final.jar;C:\Users\Sham\.m2\repository\org\jboss\spec\javax\annotation\jboss-annotations-api_1.3_spec\1.0.1.Final\jboss-annotations-api_1.3_spec-1.0.1.Final.jar;C:\Users\Sham\.m2\repository\javax\activation\activation\1.1.1\activation-1.1.1.jar;C:\Users\Sham\.m2\repository\commons-io\commons-io\2.5\commons-io-2.5.jar;C:\Users\Sham\.m2\repository\net\jcip\jcip-annotations\1.0\jcip-annotations-1.0.jar;C:\Users\Sham\.m2\repository\org\jboss\spec\javax\ws\rs\jboss-jaxrs-api_2.1_spec\1.0.2.Final\jboss-jaxrs-api_2.1_spec-1.0.2.Final.jar;C:\Users\Sham\.m2\repository\org\jboss\spec\javax\transaction\jboss-transaction-api_1.2_spec\1.1.1.Final\jboss-transaction-api_1.2_spec-1.1.1.Final.jar;C:\Users\Sham\.m2\repository\org\jboss\resteasy\resteasy-multipart-provider\3.6.3.Final\resteasy-multipart-provider-3.6.3.Final.jar;C:\Users\Sham\.m2\repository\org\jboss\resteasy\resteasy-client\3.6.3.Final\resteasy-client-3.6.3.Final.jar;C:\Users\Sham\.m2\repository\org\jboss\resteasy\resteasy-jaxb-provider\3.6.3.Final\resteasy-jaxb-provider-3.6.3.Final.jar;C:\Users\Sham\.m2\repository\org\glassfish\jaxb\jaxb-runtime\2.3.1\jaxb-runtime-2.3.1.jar;C:\Users\Sham\.m2\repository\org\glassfish\jaxb\txw2\2.3.1\txw2-2.3.1.jar;C:\Users\Sham\.m2\repository\com\sun\istack\istack-commons-runtime\3.0.7\istack-commons-runtime-3.0.7.jar;C:\Users\Sham\.m2\repository\org\jvnet\staxex\stax-ex\1.8\stax-ex-1.8.jar;C:\Users\Sham\.m2\repository\com\sun\xml\fastinfoset\FastInfoset\1.2.15\FastInfoset-1.2.15.jar;C:\Users\Sham\.m2\repository\javax\activation\javax.activation-api\1.2.0\javax.activation-api-1.2.0.jar;C:\Users\Sham\.m2\repository\com\sun\mail\javax.mail\1.6.2\javax.mail-1.6.2.jar;C:\Users\Sham\.m2\repository\org\apache\james\apache-mime4j\0.6\apache-mime4j-0.6.jar;C:\Users\Sham\.m2\repository\com\googlecode\owasp-java-html-sanitizer\owasp-java-html-sanitizer\20180219.1\owasp-java-html-sanitizer-20180219.1.jar;C:\Users\Sham\.m2\repository\com\google\guava\guava\25.0-jre\guava-25.0-jre.jar;C:\Users\Sham\.m2\repository\com\google\code\findbugs\jsr305\1.3.9\jsr305-1.3.9.jar;C:\Users\Sham\.m2\repository\org\checkerframework\checker-compat-qual\2.0.0\checker-compat-qual-2.0.0.jar;C:\Users\Sham\.m2\repository\com\google\errorprone\error_prone_annotations\2.1.3\error_prone_annotations-2.1.3.jar;C:\Users\Sham\.m2\repository\com\google\j2objc\j2objc-annotations\1.1\j2objc-annotations-1.1.jar;C:\Users\Sham\.m2\repository\org\codehaus\mojo\animal-sniffer-annotations\1.14\animal-sniffer-annotations-1.14.jar;C:\Users\Sham\.m2\repository\com\fasterxml\jackson\core\jackson-core\2.9.8\jackson-core-2.9.8.jar;C:\Users\Sham\.m2\repository\com\fasterxml\jackson\core\jackson-databind\2.9.8\jackson-databind-2.9.8.jar;C:\Users\Sham\.m2\repository\com\fasterxml\jackson\core\jackson-annotations\2.9.8\jackson-annotations-2.9.8.jar;C:\Users\Sham\.m2\repository\com\fasterxml\woodstox\woodstox-core\5.0.3\woodstox-core-5.0.3.jar;C:\Users\Sham\.m2\repository\org\codehaus\woodstox\stax2-api\3.1.4\stax2-api-3.1.4.jar;C:\Users\Sham\.m2\repository\com\google\zxing\javase\3.2.1\javase-3.2.1.jar;C:\Users\Sham\.m2\repository\com\google\zxing\core\3.2.1\core-3.2.1.jar;C:\Users\Sham\.m2\repository\com\beust\jcommander\1.48\jcommander-1.48.jar;C:\Users\Sham\.m2\repository\org\keycloak\keycloak-saml-core-public\6.0.1\keycloak-saml-core-public-6.0.1.jar;C:\Users\Sham\.m2\repository\org\apache\santuario\xmlsec\2.1.2\xmlsec-2.1.2.jar;C:\Users\Sham\.m2\repository\org\keycloak\keycloak-saml-core\6.0.1\keycloak-saml-core-6.0.1.jar;C:\Users\Sham\.m2\repository\junit\junit\4.12\junit-4.12.jar;C:\Users\Sham\.m2\repository\org\hamcrest\hamcrest-core\1.3\hamcrest-core-1.3.jar;C:\Users\Sham\.m2\repository\org\hamcrest\hamcrest-all\1.3\hamcrest-all-1.3.jar;C:\Users\Sham\.m2\repository\com\icegreen\greenmail\1.3.1b\greenmail-1.3.1b.jar;C:\Users\Sham\.m2\repository\javax\mail\mail\1.4\mail-1.4.jar;C:\Users\Sham\.m2\repository\com\openshift\openshift-restclient-java\6.1.3.Final\openshift-restclient-java-6.1.3.Final.jar;C:\Users\Sham\.m2\repository\com\squareup\okhttp3\okhttp\3.3.1\okhttp-3.3.1.jar;C:\Users\Sham\.m2\repository\com\squareup\okio\okio\1.8.0\okio-1.8.0.jar;C:\Users\Sham\.m2\repository\com\squareup\okhttp3\okhttp-ws\3.3.1\okhttp-ws-3.3.1.jar;C:\Users\Sham\.m2\repository\org\yaml\snakeyaml\1.14\snakeyaml-1.14.jar;C:\Users\Sham\.m2\repository\org\apache\commons\commons-compress\1.8.1\commons-compress-1.8.1.jar;C:\Users\Sham\.m2\repository\org\slf4j\slf4j-api\1.7.22\slf4j-api-1.7.22.jar;C:\Users\Sham\.m2\repository\org\slf4j\slf4j-log4j12\1.7.22\slf4j-log4j12-1.7.22.jar;C:\Users\Sham\.m2\repository\log4j\log4j\1.2.17\log4j-1.2.17.jar;C:\Users\Sham\.m2\repository\commons-codec\commons-codec\1.6\commons-codec-1.6.jar;C:\Users\Sham\.m2\repository\commons-lang\commons-lang\2.6\commons-lang-2.6.jar;C:\Users\Sham\.m2\repository\org\apache\httpcomponents\httpclient\4.5\httpclient-4.5.jar;C:\Users\Sham\.m2\repository\commons-logging\commons-logging\1.2\commons-logging-1.2.jar;C:\Users\Sham\.m2\repository\org\apache\httpcomponents\httpcore\4.4.4\httpcore-4.4.4.jar;C:\Users\Sham\.m2\repository\org\json\json\20180813\json-20180813.jar;"/>
    <property name="sun.cpu.endian" value="little"/>
    <property name="user.home" value="C:\Users\Sham"/>
    <property name="user.language" value="en"/>
    <property name="java.specification.vendor" value="Oracle Corporation"/>
    <property name="java.home" value="C:\Program Files\java\jdk1.8.0_211\jre"/>
    <property name="basedir" value="D:\keycloak-6.0.1\services"/>
    <property name="file.separator" value="\"/>
    <property name="line.separator" value="&#10;"/>
    <property name="java.vm.specification.vendor" value="Oracle Corporation"/>
    <property name="java.specification.name" value="Java Platform API Specification"/>
    <property name="java.awt.graphicsenv" value="sun.awt.Win32GraphicsEnvironment"/>
    <property name="java.awt.headless" value="true"/>
    <property name="surefire.real.class.path" value="C:\Users\Sham\AppData\Local\Temp\surefire729079389454449617\surefirebooter1985560040392028399.jar"/>
    <property name="sun.boot.class.path" value="C:\Program Files\java\jdk1.8.0_211\jre\lib\resources.jar;C:\Program Files\java\jdk1.8.0_211\jre\lib\rt.jar;C:\Program Files\java\jdk1.8.0_211\jre\lib\sunrsasign.jar;C:\Program Files\java\jdk1.8.0_211\jre\lib\jsse.jar;C:\Program Files\java\jdk1.8.0_211\jre\lib\jce.jar;C:\Program Files\java\jdk1.8.0_211\jre\lib\charsets.jar;C:\Program Files\java\jdk1.8.0_211\jre\lib\jfr.jar;C:\Program Files\java\jdk1.8.0_211\jre\classes"/>
    <property name="user.script" value=""/>
    <property name="sun.management.compiler" value="HotSpot 64-Bit Tiered Compilers"/>
    <property name="java.runtime.version" value="1.8.0_211-b12"/>
    <property name="user.name" value="Sham"/>
    <property name="path.separator" value=";"/>
    <property name="os.version" value="10.0"/>
    <property name="java.endorsed.dirs" value="C:\Program Files\java\jdk1.8.0_211\jre\lib\endorsed"/>
    <property name="java.runtime.name" value="Java(TM) SE Runtime Environment"/>
    <property name="file.encoding" value="Cp1252"/>
    <property name="java.vm.name" value="Java HotSpot(TM) 64-Bit Server VM"/>
    <property name="localRepository" value="C:\Users\Sham\.m2\repository"/>
    <property name="java.vendor.url.bug" value="http://bugreport.sun.com/bugreport/"/>
    <property name="java.io.tmpdir" value="D:\keycloak-6.0.1\services\target"/>
    <property name="java.version" value="1.8.0_211"/>
    <property name="user.dir" value="D:\keycloak-6.0.1\services"/>
    <property name="os.arch" value="amd64"/>
    <property name="java.vm.specification.name" value="Java Virtual Machine Specification"/>
    <property name="java.awt.printerjob" value="sun.awt.windows.WPrinterJob"/>
    <property name="sun.os.patch.level" value=""/>
    <property name="java.library.path" value="C:\Program Files\java\jdk1.8.0_211\jre\bin;C:\WINDOWS\Sun\Java\bin;C:\WINDOWS\system32;C:\WINDOWS;C:/Program Files/Java/jre1.8.0_211/bin/server;C:/Program Files/Java/jre1.8.0_211/bin;C:/Program Files/Java/jre1.8.0_211/lib/amd64;C:\Program Files (x86)\Common Files\Oracle\Java\javapath;C:\Program Files (x86)\Intel\iCLS Client\;C:\Program Files\Intel\iCLS Client\;C:\WINDOWS\system32;C:\WINDOWS;C:\WINDOWS\System32\Wbem;C:\WINDOWS\System32\WindowsPowerShell\v1.0\;C:\Program Files (x86)\Intel\Intel(R) Management Engine Components\DAL;C:\Program Files\Intel\Intel(R) Management Engine Components\DAL;C:\Program Files (x86)\Intel\Intel(R) Management Engine Components\IPT;C:\Program Files\Intel\Intel(R) Management Engine Components\IPT;C:\Program Files\java\jdk-9.0.4\bin;C:\WINDOWS\System32\OpenSSH\;C:\Program Files\apache-maven-3.6.0\bin;C:\Program Files\mysql-8.0.14-winx64\bin;C:\Program Files\Git\cmd;C:\Users\Sham\AppData\Local\Programs\Python\Python37\Scripts\;C:\Users\Sham\AppData\Local\Programs\Python\Python37\;C:\Users\Sham\AppData\Local\Microsoft\WindowsApps;;C:\Program Files\Docker Toolbox;C:\Program Files\heroku\bin;D:\Development\eclipse_oxy;;."/>
    <property name="java.vm.info" value="mixed mode"/>
    <property name="java.vendor" value="Oracle Corporation"/>
    <property name="java.vm.version" value="25.211-b12"/>
    <property name="java.ext.dirs" value="C:\Program Files\java\jdk1.8.0_211\jre\lib\ext;C:\WINDOWS\Sun\Java\lib\ext"/>
    <property name="sun.io.unicode.encoding" value="UnicodeLittle"/>
    <property name="java.class.version" value="52.0"/>
  </properties>
  <testcase name="testSplitClaimPath" classname="org.keycloak.protocol.oidc.mappers.OIDCAttributeMapperHelperTest" time="0.002"/>
</testsuite>